<?xml version="1.0" encoding="utf-8" standalone="no"?>
<!--This file represents the results of running a test suite-->
<test-results name="C:\Users\Koe\Projects\Fund Tracker\FundTracker\Test.FundTracker.Web\bin\Debug\Test.FundTracker.Web.dll" total="12" errors="0" failures="0" not-run="0" inconclusive="0" ignored="0" skipped="0" invalid="0" date="2013-10-02" time="23:25:18">
  <environment nunit-version="2.6.2.12296" clr-version="2.0.50727.5472" os-version="Microsoft Windows NT 6.1.7601 Service Pack 1" platform="Win32NT" cwd="C:\Users\Koe\Projects\Fund Tracker\FundTracker" machine-name="KOE-PC" user="Koe" user-domain="Koe-PC" />
  <culture-info current-culture="en-GB" current-uiculture="en-US" />
  <test-suite type="Assembly" name="C:\Users\Koe\Projects\Fund Tracker\FundTracker\Test.FundTracker.Web\bin\Debug\Test.FundTracker.Web.dll" executed="True" result="Success" success="True" time="0.163" asserts="0">
    <results>
      <test-suite type="Namespace" name="Test" executed="True" result="Success" success="True" time="0.148" asserts="0">
        <results>
          <test-suite type="Namespace" name="FundTracker" executed="True" result="Success" success="True" time="0.148" asserts="0">
            <results>
              <test-suite type="Namespace" name="Web" executed="True" result="Success" success="True" time="0.148" asserts="0">
                <results>
                  <test-suite type="Namespace" name="Controllers" executed="True" result="Success" success="True" time="0.147" asserts="0">
                    <results>
                      <test-suite type="TestFixture" name="TestHomeController" executed="True" result="Success" success="True" time="0.079" asserts="0">
                        <results>
                          <test-case name="Test.FundTracker.Web.Controllers.TestHomeController.Index_has_ViewModel_set" executed="True" result="Success" success="True" time="0.055" asserts="1" />
                          <test-case name="Test.FundTracker.Web.Controllers.TestHomeController.Index_returns_ViewResult_with_empty_ViewName" executed="True" result="Success" success="True" time="0.005" asserts="1" />
                          <test-case name="Test.FundTracker.Web.Controllers.TestHomeController.Index_sets_message_on_HomePageViewModel_to_passed_in_ValidationMessage" executed="True" result="Success" success="True" time="0.001" asserts="1" />
                        </results>
                      </test-suite>
                      <test-suite type="TestFixture" name="TestWalletController" executed="True" result="Success" success="True" time="0.064" asserts="0">
                        <results>
                          <test-suite type="ParameterizedTest" name="CreateWallet_redirects_to_HomeController_ValidationFailure_action_if_name_is_null_or_empty" executed="True" result="Success" success="True" time="0.048" asserts="0">
                            <results>
                              <test-case name="Test.FundTracker.Web.Controllers.TestWalletController.CreateWallet_redirects_to_HomeController_ValidationFailure_action_if_name_is_null_or_empty(null)" executed="True" result="Success" success="True" time="0.046" asserts="3" />
                              <test-case name="Test.FundTracker.Web.Controllers.TestWalletController.CreateWallet_redirects_to_HomeController_ValidationFailure_action_if_name_is_null_or_empty(&quot;&quot;)" executed="True" result="Success" success="True" time="0.000" asserts="3" />
                            </results>
                          </test-suite>
                          <test-case name="Test.FundTracker.Web.Controllers.TestWalletController.CreateWallet_redirects_to_SuccessfullyCreated_passing_name" executed="True" result="Success" success="True" time="0.001" asserts="3" />
                          <test-suite type="ParameterizedTest" name="CreateWallet_sets_validation_message_if_name_is_null_or_empty" executed="True" result="Success" success="True" time="0.001" asserts="0">
                            <results>
                              <test-case name="Test.FundTracker.Web.Controllers.TestWalletController.CreateWallet_sets_validation_message_if_name_is_null_or_empty(&quot;&quot;)" executed="True" result="Success" success="True" time="0.001" asserts="3" />
                              <test-case name="Test.FundTracker.Web.Controllers.TestWalletController.CreateWallet_sets_validation_message_if_name_is_null_or_empty(null)" executed="True" result="Success" success="True" time="0.000" asserts="3" />
                            </results>
                          </test-suite>
                          <test-case name="Test.FundTracker.Web.Controllers.TestWalletController.Display_builds_WalletViewModel_with_name_set" executed="True" result="Success" success="True" time="0.001" asserts="1" />
                          <test-case name="Test.FundTracker.Web.Controllers.TestWalletController.Display_returns_a_view_with_no_ViewName_set" executed="True" result="Success" success="True" time="0.000" asserts="1" />
                          <test-case name="Test.FundTracker.Web.Controllers.TestWalletController.SuccessfullyCreated_returns_ViewResult_with_empty_ViewName" executed="True" result="Success" success="True" time="0.000" asserts="1" />
                          <test-case name="Test.FundTracker.Web.Controllers.TestWalletController.SuccessfullyCreated_sets_WalletName_on_ViewModel" executed="True" result="Success" success="True" time="0.007" asserts="2" />
                        </results>
                      </test-suite>
                    </results>
                  </test-suite>
                </results>
              </test-suite>
            </results>
          </test-suite>
        </results>
      </test-suite>
    </results>
  </test-suite>
</test-results>