<?xml version="1.0" encoding="utf-8" standalone="no"?>
<!--This file represents the results of running a test suite-->
<test-results name="C:\Projects\Fund Tracker\Test.Acceptance.FundTracker.Web\bin\Release\Test.Acceptance.FundTracker.Web.dll" total="3" errors="0" failures="0" not-run="0" inconclusive="0" ignored="0" skipped="0" invalid="0" date="2013-10-03" time="23:28:09">
  <environment nunit-version="2.6.2.12296" clr-version="2.0.50727.5472" os-version="Microsoft Windows NT 6.1.7601 Service Pack 1" platform="Win32NT" cwd="C:\Projects\Fund Tracker" machine-name="KOE-PC" user="Koe" user-domain="Koe-PC" />
  <culture-info current-culture="en-GB" current-uiculture="en-US" />
  <test-suite type="Assembly" name="C:\Projects\Fund Tracker\Test.Acceptance.FundTracker.Web\bin\Release\Test.Acceptance.FundTracker.Web.dll" executed="True" result="Success" success="True" time="10.639" asserts="0">
    <results>
      <test-suite type="Namespace" name="Test" executed="True" result="Success" success="True" time="10.623" asserts="0">
        <results>
          <test-suite type="Namespace" name="Acceptance" executed="True" result="Success" success="True" time="10.623" asserts="0">
            <results>
              <test-suite type="Namespace" name="FundTracker" executed="True" result="Success" success="True" time="10.623" asserts="0">
                <results>
                  <test-suite type="Namespace" name="Web" executed="True" result="Success" success="True" time="10.623" asserts="0">
                    <results>
                      <test-suite type="Namespace" name="Features" executed="True" result="Success" success="True" time="10.623" asserts="0">
                        <results>
                          <test-suite type="TestFixture" name="AdministeringAWalletFeature" description="Administering a wallet" executed="True" result="Success" success="True" time="10.622" asserts="0">
                            <categories>
                              <category name="web" />
                            </categories>
                            <results>
                              <test-case name="Test.Acceptance.FundTracker.Web.Features.AdministeringAWalletFeature.AddingFundsToAWallet" description="Adding funds to a wallet" executed="True" result="Success" success="True" time="0.771" asserts="2" />
                              <test-case name="Test.Acceptance.FundTracker.Web.Features.AdministeringAWalletFeature.CreatingAWalletWithAName" description="Creating a wallet with a name" executed="True" result="Success" success="True" time="1.271" asserts="2" />
                              <test-case name="Test.Acceptance.FundTracker.Web.Features.AdministeringAWalletFeature.WalletDoesNotDisplayValueFromQueryString" description="Wallet does not display value from query string" executed="True" result="Success" success="True" time="0.021" asserts="0" />
                            </results>
                          </test-suite>
                        </results>
                      </test-suite>
                    </results>
                  </test-suite>
                </results>
              </test-suite>
            </results>
          </test-suite>
        </results>
      </test-suite>
    </results>
  </test-suite>
</test-results>